{"D:\\work\\tech-challenge-fast-food-system\\src\\core\\applications\\usecases\\addressUseCase.ts": {"path":"D:\\work\\tech-challenge-fast-food-system\\src\\core\\applications\\usecases\\addressUseCase.ts","statementMap":{"0":{"start":{"line":7,"column":31},"end":{"line":7,"column":68}},"1":{"start":{"line":10,"column":4},"end":{"line":10,"column":51}},"2":{"start":{"line":5,"column":0},"end":{"line":5,"column":13}}},"fnMap":{"0":{"name":"(anonymous_0)","decl":{"start":{"line":7,"column":2},"end":{"line":7,"column":31}},"loc":{"start":{"line":7,"column":68},"end":{"line":7,"column":72}}},"1":{"name":"(anonymous_1)","decl":{"start":{"line":9,"column":2},"end":{"line":9,"column":12}},"loc":{"start":{"line":9,"column":26},"end":{"line":11,"column":3}}}},"branchMap":{},"s":{"0":0,"1":0,"2":0},"f":{"0":0,"1":0},"b":{}}
,"D:\\work\\tech-challenge-fast-food-system\\src\\core\\applications\\usecases\\customerUseCase.ts": {"path":"D:\\work\\tech-challenge-fast-food-system\\src\\core\\applications\\usecases\\customerUseCase.ts","statementMap":{"0":{"start":{"line":6,"column":31},"end":{"line":6,"column":70}},"1":{"start":{"line":9,"column":4},"end":{"line":9,"column":67}},"2":{"start":{"line":13,"column":4},"end":{"line":13,"column":60}},"3":{"start":{"line":17,"column":4},"end":{"line":17,"column":53}},"4":{"start":{"line":5,"column":0},"end":{"line":5,"column":13}}},"fnMap":{"0":{"name":"(anonymous_7)","decl":{"start":{"line":6,"column":2},"end":{"line":6,"column":31}},"loc":{"start":{"line":6,"column":70},"end":{"line":6,"column":74}}},"1":{"name":"(anonymous_8)","decl":{"start":{"line":8,"column":2},"end":{"line":8,"column":23}},"loc":{"start":{"line":8,"column":40},"end":{"line":10,"column":3}}},"2":{"name":"(anonymous_9)","decl":{"start":{"line":12,"column":2},"end":{"line":12,"column":19}},"loc":{"start":{"line":12,"column":32},"end":{"line":14,"column":3}}},"3":{"name":"(anonymous_10)","decl":{"start":{"line":16,"column":8},"end":{"line":16,"column":19}},"loc":{"start":{"line":16,"column":34},"end":{"line":18,"column":null}}}},"branchMap":{},"s":{"0":0,"1":0,"2":0,"3":0,"4":0},"f":{"0":0,"1":0,"2":0,"3":0},"b":{}}
,"D:\\work\\tech-challenge-fast-food-system\\src\\framework\\route.ts": {"path":"D:\\work\\tech-challenge-fast-food-system\\src\\framework\\route.ts","statementMap":{"0":{"start":{"line":1,"column":0},"end":{"line":1,"column":67}},"1":{"start":{"line":2,"column":0},"end":{"line":2,"column":46}},"2":{"start":{"line":3,"column":0},"end":{"line":3,"column":43}},"3":{"start":{"line":4,"column":0},"end":{"line":4,"column":45}},"4":{"start":{"line":5,"column":0},"end":{"line":5,"column":75}},"5":{"start":{"line":6,"column":0},"end":{"line":6,"column":87}},"6":{"start":{"line":7,"column":0},"end":{"line":7,"column":77}},"7":{"start":{"line":8,"column":0},"end":{"line":8,"column":70}},"8":{"start":{"line":9,"column":0},"end":{"line":9,"column":85}},"9":{"start":{"line":21,"column":4},"end":{"line":37,"column":5}},"10":{"start":{"line":22,"column":6},"end":{"line":22,"column":31}},"11":{"start":{"line":24,"column":6},"end":{"line":24,"column":37}},"12":{"start":{"line":25,"column":6},"end":{"line":27,"column":7}},"13":{"start":{"line":26,"column":8},"end":{"line":26,"column":15}},"14":{"start":{"line":29,"column":25},"end":{"line":29,"column":39}},"15":{"start":{"line":30,"column":26},"end":{"line":30,"column":36}},"16":{"start":{"line":32,"column":6},"end":{"line":36,"column":7}},"17":{"start":{"line":33,"column":8},"end":{"line":33,"column":51}},"18":{"start":{"line":35,"column":8},"end":{"line":35,"column":67}},"19":{"start":{"line":41,"column":30},"end":{"line":41,"column":53}},"20":{"start":{"line":42,"column":27},"end":{"line":42,"column":64}},"21":{"start":{"line":44,"column":31},"end":{"line":44,"column":55}},"22":{"start":{"line":45,"column":28},"end":{"line":45,"column":67}},"23":{"start":{"line":46,"column":31},"end":{"line":48,"column":null}},"24":{"start":{"line":50,"column":16},"end":{"line":50,"column":25}},"25":{"start":{"line":51,"column":4},"end":{"line":51,"column":28}},"26":{"start":{"line":53,"column":4},"end":{"line":53,"column":38}},"27":{"start":{"line":54,"column":4},"end":{"line":54,"column":51}},"28":{"start":{"line":56,"column":4},"end":{"line":61,"column":7}},"29":{"start":{"line":57,"column":6},"end":{"line":57,"column":35}},"30":{"start":{"line":58,"column":6},"end":{"line":60,"column":7}},"31":{"start":{"line":59,"column":8},"end":{"line":59,"column":65}},"32":{"start":{"line":63,"column":4},"end":{"line":70,"column":7}},"33":{"start":{"line":63,"column":53},"end":{"line":70,"column":6}},"34":{"start":{"line":64,"column":6},"end":{"line":69,"column":8}},"35":{"start":{"line":71,"column":4},"end":{"line":78,"column":7}},"36":{"start":{"line":71,"column":62},"end":{"line":78,"column":6}},"37":{"start":{"line":72,"column":6},"end":{"line":77,"column":8}},"38":{"start":{"line":80,"column":4},"end":{"line":87,"column":7}},"39":{"start":{"line":80,"column":63},"end":{"line":87,"column":6}},"40":{"start":{"line":81,"column":6},"end":{"line":86,"column":8}},"41":{"start":{"line":88,"column":4},"end":{"line":92,"column":6}},"42":{"start":{"line":89,"column":6},"end":{"line":90,"column":null}},"43":{"start":{"line":14,"column":0},"end":{"line":14,"column":13}}},"fnMap":{"0":{"name":"(anonymous_8)","decl":{"start":{"line":15,"column":2},"end":{"line":15,"column":8}},"loc":{"start":{"line":19,"column":74},"end":{"line":38,"column":null}}},"1":{"name":"(anonymous_10)","decl":{"start":{"line":40,"column":2},"end":{"line":40,"column":8}},"loc":{"start":{"line":40,"column":14},"end":{"line":93,"column":3}}},"2":{"name":"(anonymous_11)","decl":{"start":{"line":56,"column":12},"end":{"line":56,"column":13}},"loc":{"start":{"line":56,"column":76},"end":{"line":61,"column":5}}},"3":{"name":"(anonymous_12)","decl":{"start":{"line":63,"column":27},"end":{"line":63,"column":34}},"loc":{"start":{"line":63,"column":53},"end":{"line":70,"column":6}}},"4":{"name":"(anonymous_13)","decl":{"start":{"line":63,"column":53},"end":{"line":63,"column":null}},"loc":{"start":{"line":63,"column":53},"end":{"line":70,"column":5}}},"5":{"name":"(anonymous_14)","decl":{"start":{"line":71,"column":36},"end":{"line":71,"column":43}},"loc":{"start":{"line":71,"column":62},"end":{"line":78,"column":6}}},"6":{"name":"(anonymous_15)","decl":{"start":{"line":71,"column":62},"end":{"line":71,"column":null}},"loc":{"start":{"line":71,"column":62},"end":{"line":78,"column":5}}},"7":{"name":"(anonymous_16)","decl":{"start":{"line":80,"column":37},"end":{"line":80,"column":44}},"loc":{"start":{"line":80,"column":63},"end":{"line":87,"column":6}}},"8":{"name":"(anonymous_17)","decl":{"start":{"line":80,"column":63},"end":{"line":80,"column":null}},"loc":{"start":{"line":80,"column":63},"end":{"line":87,"column":5}}},"9":{"name":"(anonymous_18)","decl":{"start":{"line":88,"column":21},"end":{"line":88,"column":24}},"loc":{"start":{"line":89,"column":6},"end":{"line":90,"column":null}}}},"branchMap":{"0":{"loc":{"start":{"line":25,"column":6},"end":{"line":27,"column":7}},"type":"if","locations":[{"start":{"line":25,"column":6},"end":{"line":27,"column":7}}]},"1":{"loc":{"start":{"line":32,"column":6},"end":{"line":36,"column":7}},"type":"if","locations":[{"start":{"line":32,"column":6},"end":{"line":36,"column":7}},{"start":{"line":34,"column":13},"end":{"line":36,"column":7}}]},"2":{"loc":{"start":{"line":58,"column":6},"end":{"line":60,"column":7}},"type":"if","locations":[{"start":{"line":58,"column":6},"end":{"line":60,"column":7}}]}},"s":{"0":0,"1":0,"2":0,"3":0,"4":0,"5":0,"6":0,"7":0,"8":0,"9":0,"10":0,"11":0,"12":0,"13":0,"14":0,"15":0,"16":0,"17":0,"18":0,"19":0,"20":0,"21":0,"22":0,"23":0,"24":0,"25":0,"26":0,"27":0,"28":0,"29":0,"30":0,"31":0,"32":0,"33":0,"34":0,"35":0,"36":0,"37":0,"38":0,"39":0,"40":0,"41":0,"42":0,"43":0},"f":{"0":0,"1":0,"2":0,"3":0,"4":0,"5":0,"6":0,"7":0,"8":0,"9":0},"b":{"0":[0],"1":[0,0],"2":[0]}}
,"D:\\work\\tech-challenge-fast-food-system\\src\\framework\\controllers\\customerController.ts": {"path":"D:\\work\\tech-challenge-fast-food-system\\src\\framework\\controllers\\customerController.ts","statementMap":{"0":{"start":{"line":3,"column":0},"end":{"line":3,"column":70}},"1":{"start":{"line":6,"column":0},"end":{"line":6,"column":68}},"2":{"start":{"line":10,"column":21},"end":{"line":10,"column":53}},"3":{"start":{"line":11,"column":21},"end":{"line":11,"column":51}},"4":{"start":{"line":15,"column":21},"end":{"line":15,"column":40}},"5":{"start":{"line":16,"column":21},"end":{"line":16,"column":79}},"6":{"start":{"line":18,"column":4},"end":{"line":22,"column":5}},"7":{"start":{"line":19,"column":6},"end":{"line":19,"column":37}},"8":{"start":{"line":21,"column":6},"end":{"line":21,"column":37}},"9":{"start":{"line":27,"column":17},"end":{"line":27,"column":32}},"10":{"start":{"line":28,"column":21},"end":{"line":28,"column":71}},"11":{"start":{"line":30,"column":4},"end":{"line":34,"column":5}},"12":{"start":{"line":31,"column":6},"end":{"line":31,"column":37}},"13":{"start":{"line":33,"column":6},"end":{"line":33,"column":37}},"14":{"start":{"line":39,"column":28},"end":{"line":42,"column":null}},"15":{"start":{"line":45,"column":19},"end":{"line":45,"column":74}},"16":{"start":{"line":47,"column":15},"end":{"line":49,"column":null}},"17":{"start":{"line":51,"column":4},"end":{"line":51,"column":50}},"18":{"start":{"line":52,"column":4},"end":{"line":52,"column":33}},"19":{"start":{"line":8,"column":0},"end":{"line":8,"column":13}}},"fnMap":{"0":{"name":"(anonymous_7)","decl":{"start":{"line":9,"column":2},"end":{"line":9,"column":null}},"loc":{"start":{"line":11,"column":51},"end":{"line":12,"column":6}}},"1":{"name":"(anonymous_8)","decl":{"start":{"line":14,"column":8},"end":{"line":14,"column":29}},"loc":{"start":{"line":14,"column":57},"end":{"line":24,"column":null}}},"2":{"name":"(anonymous_10)","decl":{"start":{"line":26,"column":8},"end":{"line":26,"column":26}},"loc":{"start":{"line":26,"column":54},"end":{"line":36,"column":null}}},"3":{"name":"(anonymous_12)","decl":{"start":{"line":38,"column":8},"end":{"line":38,"column":19}},"loc":{"start":{"line":38,"column":47},"end":{"line":53,"column":null}}}},"branchMap":{"0":{"loc":{"start":{"line":18,"column":4},"end":{"line":22,"column":5}},"type":"if","locations":[{"start":{"line":18,"column":4},"end":{"line":22,"column":5}},{"start":{"line":20,"column":11},"end":{"line":22,"column":5}}]},"1":{"loc":{"start":{"line":30,"column":4},"end":{"line":34,"column":5}},"type":"if","locations":[{"start":{"line":30,"column":4},"end":{"line":34,"column":5}},{"start":{"line":32,"column":11},"end":{"line":34,"column":5}}]}},"s":{"0":0,"1":0,"2":0,"3":0,"4":0,"5":0,"6":0,"7":0,"8":0,"9":0,"10":0,"11":0,"12":0,"13":0,"14":0,"15":0,"16":0,"17":0,"18":0,"19":0},"f":{"0":0,"1":0,"2":0,"3":0},"b":{"0":[0,0],"1":[0,0]}}
,"D:\\work\\tech-challenge-fast-food-system\\src\\framework\\validation\\validateRequest.ts": {"path":"D:\\work\\tech-challenge-fast-food-system\\src\\framework\\validation\\validateRequest.ts","statementMap":{"0":{"start":{"line":1,"column":0},"end":{"line":1,"column":49}},"1":{"start":{"line":2,"column":0},"end":{"line":2,"column":60}},"2":{"start":{"line":7,"column":19},"end":{"line":7,"column":55}},"3":{"start":{"line":8,"column":38},"end":{"line":8,"column":70}},"4":{"start":{"line":10,"column":4},"end":{"line":14,"column":5}},"5":{"start":{"line":11,"column":38},"end":{"line":11,"column":120}},"6":{"start":{"line":11,"column":60},"end":{"line":11,"column":98}},"7":{"start":{"line":12,"column":6},"end":{"line":12,"column":null}},"8":{"start":{"line":13,"column":6},"end":{"line":13,"column":22}},"9":{"start":{"line":16,"column":4},"end":{"line":16,"column":18}},"10":{"start":{"line":20,"column":4},"end":{"line":20,"column":51}},"11":{"start":{"line":5,"column":0},"end":{"line":5,"column":13}}},"fnMap":{"0":{"name":"(anonymous_7)","decl":{"start":{"line":6,"column":2},"end":{"line":6,"column":8}},"loc":{"start":{"line":6,"column":94},"end":{"line":17,"column":null}}},"1":{"name":"(anonymous_9)","decl":{"start":{"line":11,"column":49},"end":{"line":11,"column":50}},"loc":{"start":{"line":11,"column":60},"end":{"line":11,"column":98}}},"2":{"name":"(anonymous_10)","decl":{"start":{"line":19,"column":2},"end":{"line":19,"column":8}},"loc":{"start":{"line":19,"column":75},"end":{"line":21,"column":3}}}},"branchMap":{"0":{"loc":{"start":{"line":10,"column":4},"end":{"line":14,"column":5}},"type":"if","locations":[{"start":{"line":10,"column":4},"end":{"line":14,"column":5}}]},"1":{"loc":{"start":{"line":11,"column":74},"end":{"line":11,"column":97}},"type":"binary-expr","locations":[{"start":{"line":11,"column":74},"end":{"line":11,"column":91}},{"start":{"line":11,"column":95},"end":{"line":11,"column":97}}]}},"s":{"0":0,"1":0,"2":0,"3":0,"4":0,"5":0,"6":0,"7":0,"8":0,"9":0,"10":0,"11":0},"f":{"0":0,"1":0,"2":0},"b":{"0":[0],"1":[0,0]}}
}
