{"D:\\work\\tech-challenge-fast-food-system\\src\\core\\applications\\usecases\\basketUseCase.ts": {"path":"D:\\work\\tech-challenge-fast-food-system\\src\\core\\applications\\usecases\\basketUseCase.ts","statementMap":{"0":{"start":{"line":8,"column":0},"end":{"line":8,"column":56}},"1":{"start":{"line":12,"column":21},"end":{"line":12,"column":56}},"2":{"start":{"line":14,"column":21},"end":{"line":14,"column":54}},"3":{"start":{"line":16,"column":21},"end":{"line":16,"column":66}},"4":{"start":{"line":24,"column":4},"end":{"line":66,"column":7}},"5":{"start":{"line":24,"column":49},"end":{"line":66,"column":6}},"6":{"start":{"line":26,"column":6},"end":{"line":26,"column":37}},"7":{"start":{"line":28,"column":28},"end":{"line":29,"column":null}},"8":{"start":{"line":39,"column":26},"end":{"line":40,"column":null}},"9":{"start":{"line":43,"column":26},"end":{"line":43,"column":36}},"10":{"start":{"line":45,"column":6},"end":{"line":45,"column":59}},"11":{"start":{"line":47,"column":34},"end":{"line":52,"column":8}},"12":{"start":{"line":54,"column":27},"end":{"line":54,"column":79}},"13":{"start":{"line":57,"column":26},"end":{"line":57,"column":29}},"14":{"start":{"line":59,"column":24},"end":{"line":62,"column":null}},"15":{"start":{"line":65,"column":6},"end":{"line":65,"column":28}},"16":{"start":{"line":70,"column":4},"end":{"line":73,"column":7}},"17":{"start":{"line":70,"column":50},"end":{"line":73,"column":6}},"18":{"start":{"line":71,"column":24},"end":{"line":71,"column":72}},"19":{"start":{"line":72,"column":6},"end":{"line":72,"column":25}},"20":{"start":{"line":10,"column":0},"end":{"line":10,"column":13}}},"fnMap":{"0":{"name":"(anonymous_8)","decl":{"start":{"line":11,"column":2},"end":{"line":11,"column":null}},"loc":{"start":{"line":16,"column":66},"end":{"line":17,"column":6}}},"1":{"name":"(anonymous_9)","decl":{"start":{"line":19,"column":8},"end":{"line":19,"column":20}},"loc":{"start":{"line":21,"column":22},"end":{"line":67,"column":null}}},"2":{"name":"(anonymous_11)","decl":{"start":{"line":24,"column":31},"end":{"line":24,"column":38}},"loc":{"start":{"line":24,"column":49},"end":{"line":66,"column":6}}},"3":{"name":"(anonymous_12)","decl":{"start":{"line":24,"column":49},"end":{"line":24,"column":null}},"loc":{"start":{"line":24,"column":49},"end":{"line":66,"column":5}}},"4":{"name":"(anonymous_13)","decl":{"start":{"line":69,"column":8},"end":{"line":69,"column":27}},"loc":{"start":{"line":69,"column":27},"end":{"line":74,"column":null}}},"5":{"name":"(anonymous_15)","decl":{"start":{"line":70,"column":32},"end":{"line":70,"column":39}},"loc":{"start":{"line":70,"column":50},"end":{"line":73,"column":6}}},"6":{"name":"(anonymous_16)","decl":{"start":{"line":70,"column":50},"end":{"line":70,"column":null}},"loc":{"start":{"line":70,"column":50},"end":{"line":73,"column":5}}}},"branchMap":{},"s":{"0":0,"1":0,"2":0,"3":0,"4":0,"5":0,"6":0,"7":0,"8":0,"9":0,"10":0,"11":0,"12":0,"13":0,"14":0,"15":0,"16":0,"17":0,"18":0,"19":0,"20":0},"f":{"0":0,"1":0,"2":0,"3":0,"4":0,"5":0,"6":0},"b":{}}
,"D:\\work\\tech-challenge-fast-food-system\\src\\core\\applications\\usecases\\orderStatusUseCase.ts": {"path":"D:\\work\\tech-challenge-fast-food-system\\src\\core\\applications\\usecases\\orderStatusUseCase.ts","statementMap":{"0":{"start":{"line":7,"column":31},"end":{"line":7,"column":76}},"1":{"start":{"line":9,"column":4},"end":{"line":9,"column":59}},"2":{"start":{"line":13,"column":4},"end":{"line":13,"column":58}},"3":{"start":{"line":17,"column":4},"end":{"line":17,"column":52}},"4":{"start":{"line":6,"column":0},"end":{"line":6,"column":13}}},"fnMap":{"0":{"name":"(anonymous_0)","decl":{"start":{"line":7,"column":2},"end":{"line":7,"column":31}},"loc":{"start":{"line":7,"column":76},"end":{"line":7,"column":80}}},"1":{"name":"(anonymous_1)","decl":{"start":{"line":8,"column":2},"end":{"line":8,"column":16}},"loc":{"start":{"line":8,"column":36},"end":{"line":10,"column":3}}},"2":{"name":"(anonymous_2)","decl":{"start":{"line":12,"column":2},"end":{"line":12,"column":19}},"loc":{"start":{"line":12,"column":19},"end":{"line":14,"column":3}}},"3":{"name":"(anonymous_3)","decl":{"start":{"line":16,"column":2},"end":{"line":16,"column":10}},"loc":{"start":{"line":16,"column":22},"end":{"line":18,"column":3}}}},"branchMap":{},"s":{"0":0,"1":0,"2":0,"3":0,"4":0},"f":{"0":0,"1":0,"2":0,"3":0},"b":{}}
,"D:\\work\\tech-challenge-fast-food-system\\src\\core\\applications\\usecases\\orderUseCase.ts": {"path":"D:\\work\\tech-challenge-fast-food-system\\src\\core\\applications\\usecases\\orderUseCase.ts","statementMap":{"0":{"start":{"line":7,"column":33},"end":{"line":7,"column":66}},"1":{"start":{"line":10,"column":8},"end":{"line":10,"column":62}},"2":{"start":{"line":6,"column":0},"end":{"line":6,"column":13}}},"fnMap":{"0":{"name":"(anonymous_0)","decl":{"start":{"line":7,"column":4},"end":{"line":7,"column":33}},"loc":{"start":{"line":7,"column":66},"end":{"line":7,"column":70}}},"1":{"name":"(anonymous_1)","decl":{"start":{"line":9,"column":4},"end":{"line":9,"column":19}},"loc":{"start":{"line":9,"column":43},"end":{"line":11,"column":5}}}},"branchMap":{},"s":{"0":0,"1":0,"2":0},"f":{"0":0,"1":0},"b":{}}
,"D:\\work\\tech-challenge-fast-food-system\\src\\framework\\route.ts": {"path":"D:\\work\\tech-challenge-fast-food-system\\src\\framework\\route.ts","statementMap":{"0":{"start":{"line":1,"column":0},"end":{"line":1,"column":67}},"1":{"start":{"line":2,"column":0},"end":{"line":2,"column":46}},"2":{"start":{"line":4,"column":0},"end":{"line":4,"column":43}},"3":{"start":{"line":5,"column":0},"end":{"line":5,"column":45}},"4":{"start":{"line":6,"column":0},"end":{"line":6,"column":83}},"5":{"start":{"line":7,"column":0},"end":{"line":7,"column":85}},"6":{"start":{"line":8,"column":0},"end":{"line":8,"column":81}},"7":{"start":{"line":11,"column":0},"end":{"line":11,"column":73}},"8":{"start":{"line":12,"column":0},"end":{"line":12,"column":66}},"9":{"start":{"line":13,"column":0},"end":{"line":13,"column":93}},"10":{"start":{"line":14,"column":0},"end":{"line":14,"column":83}},"11":{"start":{"line":15,"column":0},"end":{"line":15,"column":76}},"12":{"start":{"line":16,"column":0},"end":{"line":16,"column":71}},"13":{"start":{"line":17,"column":0},"end":{"line":17,"column":64}},"14":{"start":{"line":29,"column":4},"end":{"line":45,"column":5}},"15":{"start":{"line":30,"column":6},"end":{"line":30,"column":31}},"16":{"start":{"line":32,"column":6},"end":{"line":32,"column":37}},"17":{"start":{"line":33,"column":6},"end":{"line":35,"column":7}},"18":{"start":{"line":34,"column":8},"end":{"line":34,"column":15}},"19":{"start":{"line":37,"column":25},"end":{"line":37,"column":39}},"20":{"start":{"line":38,"column":26},"end":{"line":38,"column":36}},"21":{"start":{"line":40,"column":6},"end":{"line":44,"column":7}},"22":{"start":{"line":41,"column":8},"end":{"line":41,"column":51}},"23":{"start":{"line":43,"column":8},"end":{"line":43,"column":67}},"24":{"start":{"line":49,"column":47},"end":{"line":49,"column":69}},"25":{"start":{"line":50,"column":50},"end":{"line":50,"column":73}},"26":{"start":{"line":51,"column":46},"end":{"line":51,"column":67}},"27":{"start":{"line":52,"column":34},"end":{"line":52,"column":61}},"28":{"start":{"line":54,"column":26},"end":{"line":57,"column":null}},"29":{"start":{"line":59,"column":29},"end":{"line":59,"column":64}},"30":{"start":{"line":61,"column":31},"end":{"line":61,"column":76}},"31":{"start":{"line":62,"column":34},"end":{"line":62,"column":79}},"32":{"start":{"line":64,"column":25},"end":{"line":64,"column":58}},"33":{"start":{"line":65,"column":28},"end":{"line":65,"column":61}},"34":{"start":{"line":67,"column":16},"end":{"line":67,"column":25}},"35":{"start":{"line":68,"column":4},"end":{"line":68,"column":28}},"36":{"start":{"line":70,"column":4},"end":{"line":70,"column":38}},"37":{"start":{"line":71,"column":4},"end":{"line":71,"column":51}},"38":{"start":{"line":73,"column":4},"end":{"line":78,"column":7}},"39":{"start":{"line":74,"column":6},"end":{"line":74,"column":35}},"40":{"start":{"line":75,"column":6},"end":{"line":77,"column":7}},"41":{"start":{"line":76,"column":8},"end":{"line":76,"column":65}},"42":{"start":{"line":80,"column":4},"end":{"line":87,"column":7}},"43":{"start":{"line":80,"column":52},"end":{"line":87,"column":6}},"44":{"start":{"line":81,"column":6},"end":{"line":86,"column":8}},"45":{"start":{"line":88,"column":4},"end":{"line":95,"column":7}},"46":{"start":{"line":88,"column":59},"end":{"line":95,"column":6}},"47":{"start":{"line":89,"column":6},"end":{"line":94,"column":8}},"48":{"start":{"line":96,"column":4},"end":{"line":103,"column":7}},"49":{"start":{"line":96,"column":56},"end":{"line":103,"column":6}},"50":{"start":{"line":97,"column":6},"end":{"line":102,"column":8}},"51":{"start":{"line":104,"column":4},"end":{"line":111,"column":7}},"52":{"start":{"line":104,"column":57},"end":{"line":111,"column":6}},"53":{"start":{"line":105,"column":6},"end":{"line":110,"column":8}},"54":{"start":{"line":112,"column":4},"end":{"line":119,"column":7}},"55":{"start":{"line":112,"column":55},"end":{"line":119,"column":6}},"56":{"start":{"line":113,"column":6},"end":{"line":118,"column":8}},"57":{"start":{"line":121,"column":4},"end":{"line":125,"column":6}},"58":{"start":{"line":122,"column":6},"end":{"line":123,"column":null}},"59":{"start":{"line":22,"column":0},"end":{"line":22,"column":13}}},"fnMap":{"0":{"name":"(anonymous_8)","decl":{"start":{"line":23,"column":2},"end":{"line":23,"column":8}},"loc":{"start":{"line":27,"column":74},"end":{"line":46,"column":null}}},"1":{"name":"(anonymous_10)","decl":{"start":{"line":48,"column":2},"end":{"line":48,"column":8}},"loc":{"start":{"line":48,"column":14},"end":{"line":126,"column":3}}},"2":{"name":"(anonymous_11)","decl":{"start":{"line":73,"column":12},"end":{"line":73,"column":13}},"loc":{"start":{"line":73,"column":76},"end":{"line":78,"column":5}}},"3":{"name":"(anonymous_12)","decl":{"start":{"line":80,"column":26},"end":{"line":80,"column":33}},"loc":{"start":{"line":80,"column":52},"end":{"line":87,"column":6}}},"4":{"name":"(anonymous_13)","decl":{"start":{"line":80,"column":52},"end":{"line":80,"column":null}},"loc":{"start":{"line":80,"column":52},"end":{"line":87,"column":5}}},"5":{"name":"(anonymous_14)","decl":{"start":{"line":88,"column":33},"end":{"line":88,"column":40}},"loc":{"start":{"line":88,"column":59},"end":{"line":95,"column":6}}},"6":{"name":"(anonymous_15)","decl":{"start":{"line":88,"column":59},"end":{"line":88,"column":null}},"loc":{"start":{"line":88,"column":59},"end":{"line":95,"column":5}}},"7":{"name":"(anonymous_16)","decl":{"start":{"line":96,"column":30},"end":{"line":96,"column":37}},"loc":{"start":{"line":96,"column":56},"end":{"line":103,"column":6}}},"8":{"name":"(anonymous_17)","decl":{"start":{"line":96,"column":56},"end":{"line":96,"column":null}},"loc":{"start":{"line":96,"column":56},"end":{"line":103,"column":5}}},"9":{"name":"(anonymous_18)","decl":{"start":{"line":104,"column":31},"end":{"line":104,"column":38}},"loc":{"start":{"line":104,"column":57},"end":{"line":111,"column":6}}},"10":{"name":"(anonymous_19)","decl":{"start":{"line":104,"column":57},"end":{"line":104,"column":null}},"loc":{"start":{"line":104,"column":57},"end":{"line":111,"column":5}}},"11":{"name":"(anonymous_20)","decl":{"start":{"line":112,"column":29},"end":{"line":112,"column":36}},"loc":{"start":{"line":112,"column":55},"end":{"line":119,"column":6}}},"12":{"name":"(anonymous_21)","decl":{"start":{"line":112,"column":55},"end":{"line":112,"column":null}},"loc":{"start":{"line":112,"column":55},"end":{"line":119,"column":5}}},"13":{"name":"(anonymous_22)","decl":{"start":{"line":121,"column":21},"end":{"line":121,"column":24}},"loc":{"start":{"line":122,"column":6},"end":{"line":123,"column":null}}}},"branchMap":{"0":{"loc":{"start":{"line":33,"column":6},"end":{"line":35,"column":7}},"type":"if","locations":[{"start":{"line":33,"column":6},"end":{"line":35,"column":7}}]},"1":{"loc":{"start":{"line":40,"column":6},"end":{"line":44,"column":7}},"type":"if","locations":[{"start":{"line":40,"column":6},"end":{"line":44,"column":7}},{"start":{"line":42,"column":13},"end":{"line":44,"column":7}}]},"2":{"loc":{"start":{"line":75,"column":6},"end":{"line":77,"column":7}},"type":"if","locations":[{"start":{"line":75,"column":6},"end":{"line":77,"column":7}}]}},"s":{"0":0,"1":0,"2":0,"3":0,"4":0,"5":0,"6":0,"7":0,"8":0,"9":0,"10":0,"11":0,"12":0,"13":0,"14":0,"15":0,"16":0,"17":0,"18":0,"19":0,"20":0,"21":0,"22":0,"23":0,"24":0,"25":0,"26":0,"27":0,"28":0,"29":0,"30":0,"31":0,"32":0,"33":0,"34":0,"35":0,"36":0,"37":0,"38":0,"39":0,"40":0,"41":0,"42":0,"43":0,"44":0,"45":0,"46":0,"47":0,"48":0,"49":0,"50":0,"51":0,"52":0,"53":0,"54":0,"55":0,"56":0,"57":0,"58":0,"59":0},"f":{"0":0,"1":0,"2":0,"3":0,"4":0,"5":0,"6":0,"7":0,"8":0,"9":0,"10":0,"11":0,"12":0,"13":0},"b":{"0":[0],"1":[0,0],"2":[0]}}
,"D:\\work\\tech-challenge-fast-food-system\\src\\framework\\controllers\\basketController.ts": {"path":"D:\\work\\tech-challenge-fast-food-system\\src\\framework\\controllers\\basketController.ts","statementMap":{"0":{"start":{"line":2,"column":0},"end":{"line":2,"column":57}},"1":{"start":{"line":3,"column":0},"end":{"line":3,"column":70}},"2":{"start":{"line":8,"column":31},"end":{"line":8,"column":59}},"3":{"start":{"line":11,"column":26},"end":{"line":14,"column":null}},"4":{"start":{"line":17,"column":4},"end":{"line":28,"column":9}},"5":{"start":{"line":20,"column":8},"end":{"line":23,"column":11}},"6":{"start":{"line":26,"column":8},"end":{"line":26,"column":29}},"7":{"start":{"line":27,"column":8},"end":{"line":27,"column":69}},"8":{"start":{"line":32,"column":4},"end":{"line":40,"column":9}},"9":{"start":{"line":35,"column":8},"end":{"line":35,"column":49}},"10":{"start":{"line":38,"column":8},"end":{"line":38,"column":29}},"11":{"start":{"line":39,"column":8},"end":{"line":39,"column":69}},"12":{"start":{"line":7,"column":0},"end":{"line":7,"column":13}}},"fnMap":{"0":{"name":"(anonymous_7)","decl":{"start":{"line":8,"column":2},"end":{"line":8,"column":31}},"loc":{"start":{"line":8,"column":59},"end":{"line":8,"column":63}}},"1":{"name":"(anonymous_8)","decl":{"start":{"line":10,"column":8},"end":{"line":10,"column":14}},"loc":{"start":{"line":10,"column":42},"end":{"line":29,"column":null}}},"2":{"name":"(anonymous_10)","decl":{"start":{"line":19,"column":12},"end":{"line":19,"column":13}},"loc":{"start":{"line":19,"column":38},"end":{"line":24,"column":7}}},"3":{"name":"(anonymous_11)","decl":{"start":{"line":25,"column":13},"end":{"line":25,"column":14}},"loc":{"start":{"line":25,"column":23},"end":{"line":28,"column":7}}},"4":{"name":"(anonymous_12)","decl":{"start":{"line":31,"column":8},"end":{"line":31,"column":27}},"loc":{"start":{"line":31,"column":55},"end":{"line":41,"column":null}}},"5":{"name":"(anonymous_14)","decl":{"start":{"line":34,"column":12},"end":{"line":34,"column":13}},"loc":{"start":{"line":34,"column":23},"end":{"line":36,"column":7}}},"6":{"name":"(anonymous_15)","decl":{"start":{"line":37,"column":13},"end":{"line":37,"column":14}},"loc":{"start":{"line":37,"column":23},"end":{"line":40,"column":7}}}},"branchMap":{},"s":{"0":0,"1":0,"2":0,"3":0,"4":0,"5":0,"6":0,"7":0,"8":0,"9":0,"10":0,"11":0,"12":0},"f":{"0":0,"1":0,"2":0,"3":0,"4":0,"5":0,"6":0},"b":{}}
,"D:\\work\\tech-challenge-fast-food-system\\src\\framework\\controllers\\orderController.ts": {"path":"D:\\work\\tech-challenge-fast-food-system\\src\\framework\\controllers\\orderController.ts","statementMap":{"0":{"start":{"line":3,"column":0},"end":{"line":3,"column":62}},"1":{"start":{"line":4,"column":0},"end":{"line":4,"column":70}},"2":{"start":{"line":8,"column":31},"end":{"line":8,"column":57}},"3":{"start":{"line":11,"column":15},"end":{"line":11,"column":28}},"4":{"start":{"line":12,"column":18},"end":{"line":12,"column":88}},"5":{"start":{"line":13,"column":19},"end":{"line":13,"column":69}},"6":{"start":{"line":14,"column":4},"end":{"line":14,"column":33}},"7":{"start":{"line":6,"column":0},"end":{"line":6,"column":13}}},"fnMap":{"0":{"name":"(anonymous_7)","decl":{"start":{"line":8,"column":2},"end":{"line":8,"column":31}},"loc":{"start":{"line":8,"column":57},"end":{"line":8,"column":62}}},"1":{"name":"(anonymous_8)","decl":{"start":{"line":10,"column":8},"end":{"line":10,"column":23}},"loc":{"start":{"line":10,"column":51},"end":{"line":15,"column":null}}}},"branchMap":{},"s":{"0":0,"1":0,"2":0,"3":0,"4":0,"5":0,"6":0,"7":0},"f":{"0":0,"1":0},"b":{}}
,"D:\\work\\tech-challenge-fast-food-system\\src\\framework\\controllers\\orderStatusController.ts": {"path":"D:\\work\\tech-challenge-fast-food-system\\src\\framework\\controllers\\orderStatusController.ts","statementMap":{"0":{"start":{"line":7,"column":31},"end":{"line":7,"column":69}},"1":{"start":{"line":10,"column":24},"end":{"line":10,"column":32}},"2":{"start":{"line":11,"column":20},"end":{"line":11,"column":77}},"3":{"start":{"line":13,"column":25},"end":{"line":17,"column":7}},"4":{"start":{"line":13,"column":48},"end":{"line":17,"column":6}},"5":{"start":{"line":19,"column":4},"end":{"line":19,"column":39}},"6":{"start":{"line":23,"column":19},"end":{"line":23,"column":68}},"7":{"start":{"line":24,"column":4},"end":{"line":24,"column":33}},"8":{"start":{"line":5,"column":0},"end":{"line":5,"column":13}}},"fnMap":{"0":{"name":"(anonymous_7)","decl":{"start":{"line":7,"column":2},"end":{"line":7,"column":31}},"loc":{"start":{"line":7,"column":69},"end":{"line":7,"column":74}}},"1":{"name":"(anonymous_8)","decl":{"start":{"line":9,"column":8},"end":{"line":9,"column":22}},"loc":{"start":{"line":9,"column":50},"end":{"line":20,"column":null}}},"2":{"name":"(anonymous_10)","decl":{"start":{"line":13,"column":37},"end":{"line":13,"column":43}},"loc":{"start":{"line":13,"column":48},"end":{"line":17,"column":6}}},"3":{"name":"(anonymous_11)","decl":{"start":{"line":22,"column":8},"end":{"line":22,"column":25}},"loc":{"start":{"line":22,"column":53},"end":{"line":25,"column":null}}}},"branchMap":{},"s":{"0":0,"1":0,"2":0,"3":0,"4":0,"5":0,"6":0,"7":0,"8":0},"f":{"0":0,"1":0,"2":0,"3":0},"b":{}}
,"D:\\work\\tech-challenge-fast-food-system\\src\\framework\\validation\\validateRequest.ts": {"path":"D:\\work\\tech-challenge-fast-food-system\\src\\framework\\validation\\validateRequest.ts","statementMap":{"0":{"start":{"line":1,"column":0},"end":{"line":1,"column":49}},"1":{"start":{"line":2,"column":0},"end":{"line":2,"column":60}},"2":{"start":{"line":7,"column":19},"end":{"line":7,"column":55}},"3":{"start":{"line":8,"column":38},"end":{"line":8,"column":70}},"4":{"start":{"line":10,"column":4},"end":{"line":14,"column":5}},"5":{"start":{"line":11,"column":38},"end":{"line":11,"column":120}},"6":{"start":{"line":11,"column":60},"end":{"line":11,"column":98}},"7":{"start":{"line":12,"column":6},"end":{"line":12,"column":null}},"8":{"start":{"line":13,"column":6},"end":{"line":13,"column":22}},"9":{"start":{"line":16,"column":4},"end":{"line":16,"column":18}},"10":{"start":{"line":20,"column":4},"end":{"line":20,"column":51}},"11":{"start":{"line":5,"column":0},"end":{"line":5,"column":13}}},"fnMap":{"0":{"name":"(anonymous_7)","decl":{"start":{"line":6,"column":2},"end":{"line":6,"column":8}},"loc":{"start":{"line":6,"column":94},"end":{"line":17,"column":null}}},"1":{"name":"(anonymous_9)","decl":{"start":{"line":11,"column":49},"end":{"line":11,"column":50}},"loc":{"start":{"line":11,"column":60},"end":{"line":11,"column":98}}},"2":{"name":"(anonymous_10)","decl":{"start":{"line":19,"column":2},"end":{"line":19,"column":8}},"loc":{"start":{"line":19,"column":75},"end":{"line":21,"column":3}}}},"branchMap":{"0":{"loc":{"start":{"line":10,"column":4},"end":{"line":14,"column":5}},"type":"if","locations":[{"start":{"line":10,"column":4},"end":{"line":14,"column":5}}]},"1":{"loc":{"start":{"line":11,"column":74},"end":{"line":11,"column":97}},"type":"binary-expr","locations":[{"start":{"line":11,"column":74},"end":{"line":11,"column":91}},{"start":{"line":11,"column":95},"end":{"line":11,"column":97}}]}},"s":{"0":0,"1":0,"2":0,"3":0,"4":0,"5":0,"6":0,"7":0,"8":0,"9":0,"10":0,"11":0},"f":{"0":0,"1":0,"2":0},"b":{"0":[0],"1":[0,0]}}
}
